2022-05-15 19:22:30.466  INFO 8112 --- [restartedMain] more.pricer.PricerApplication            : Starting PricerApplication using Java 18.0.1 on martin with PID 8112 (C:\dev\Pricer-Application-Backend\target\classes started by mselv in C:\dev\Pricer-Application-Backend)
2022-05-15 19:22:30.467  INFO 8112 --- [restartedMain] more.pricer.PricerApplication            : No active profile set, falling back to 1 default profile: "default"
2022-05-15 19:22:30.501  INFO 8112 --- [restartedMain] .e.DevToolsPropertyDefaultsPostProcessor : Devtools property defaults active! Set 'spring.devtools.add-properties' to 'false' to disable
2022-05-15 19:22:30.501  INFO 8112 --- [restartedMain] .e.DevToolsPropertyDefaultsPostProcessor : For additional web related logging consider setting the 'logging.level.web' property to 'DEBUG'
2022-05-15 19:22:30.799  INFO 8112 --- [restartedMain] .s.d.r.c.RepositoryConfigurationDelegate : Bootstrapping Spring Data JPA repositories in DEFAULT mode.
2022-05-15 19:22:30.806  INFO 8112 --- [restartedMain] .s.d.r.c.RepositoryConfigurationDelegate : Finished Spring Data repository scanning in 2 ms. Found 0 JPA repository interfaces.
2022-05-15 19:22:31.116  INFO 8112 --- [restartedMain] o.s.b.w.embedded.tomcat.TomcatWebServer  : Tomcat initialized with port(s): 8080 (http)
2022-05-15 19:22:31.121  INFO 8112 --- [restartedMain] o.apache.catalina.core.StandardService   : Starting service [Tomcat]
2022-05-15 19:22:31.121  INFO 8112 --- [restartedMain] org.apache.catalina.core.StandardEngine  : Starting Servlet engine: [Apache Tomcat/9.0.62]
2022-05-15 19:22:31.161  INFO 8112 --- [restartedMain] o.a.c.c.C.[Tomcat].[localhost].[/]       : Initializing Spring embedded WebApplicationContext
2022-05-15 19:22:31.161  INFO 8112 --- [restartedMain] w.s.c.ServletWebServerApplicationContext : Root WebApplicationContext: initialization completed in 659 ms
2022-05-15 19:22:31.258  INFO 8112 --- [restartedMain] o.hibernate.jpa.internal.util.LogHelper  : HHH000204: Processing PersistenceUnitInfo [name: default]
2022-05-15 19:22:31.295  INFO 8112 --- [restartedMain] org.hibernate.Version                    : HHH000412: Hibernate ORM core version 5.6.8.Final
2022-05-15 19:22:31.388  INFO 8112 --- [restartedMain] o.hibernate.annotations.common.Version   : HCANN000001: Hibernate Commons Annotations {5.1.2.Final}
2022-05-15 19:22:31.445  INFO 8112 --- [restartedMain] com.zaxxer.hikari.HikariDataSource       : HikariPool-1 - Starting...
2022-05-15 19:22:31.521  INFO 8112 --- [restartedMain] com.zaxxer.hikari.HikariDataSource       : HikariPool-1 - Start completed.
2022-05-15 19:22:31.534  INFO 8112 --- [restartedMain] org.hibernate.dialect.Dialect            : HHH000400: Using dialect: org.hibernate.dialect.PostgreSQL10Dialect
2022-05-15 19:22:31.665  INFO 8112 --- [restartedMain] o.h.e.t.j.p.i.JtaPlatformInitiator       : HHH000490: Using JtaPlatform implementation: [org.hibernate.engine.transaction.jta.platform.internal.NoJtaPlatform]
2022-05-15 19:22:31.669  INFO 8112 --- [restartedMain] j.LocalContainerEntityManagerFactoryBean : Initialized JPA EntityManagerFactory for persistence unit 'default'
2022-05-15 19:22:31.703  WARN 8112 --- [restartedMain] JpaBaseConfiguration$JpaWebConfiguration : spring.jpa.open-in-view is enabled by default. Therefore, database queries may be performed during view rendering. Explicitly configure spring.jpa.open-in-view to disable this warning
2022-05-15 19:22:31.895  INFO 8112 --- [restartedMain] o.s.b.d.a.OptionalLiveReloadServer       : LiveReload server is running on port 35729
2022-05-15 19:22:31.918  INFO 8112 --- [restartedMain] o.s.b.w.embedded.tomcat.TomcatWebServer  : Tomcat started on port(s): 8080 (http) with context path ''
2022-05-15 19:22:31.927  INFO 8112 --- [restartedMain] more.pricer.PricerApplication            : Started PricerApplication in 1.655 seconds (JVM running for 2.046)
